Building DAG of jobs...
Using shell: /bin/bash
Provided cores: 4
Rules claiming more threads will be scaled down.
Job counts:
	count	jobs
	1	build_samples
	1

[Tue Mar  9 12:17:35 2021]
rule build_samples:
    input: /Users/cody/github/etcbc/bhsa/tf/c
    output: ../results/samples/phrases.json, ../results/samples/reject_phrases.json
    jobid: 0

[Tue Mar  9 12:17:40 2021]
Error in rule build_samples:
    jobid: 0
    output: ../results/samples/phrases.json, ../results/samples/reject_phrases.json

RuleException:
CalledProcessError in line 26 of /Users/cody/github/CambridgeSemiticsLab/time_collocations/workflow/Snakefile:
Command 'set -euo pipefail;  /Users/cody/miniconda3/bin/python /Users/cody/github/CambridgeSemiticsLab/time_collocations/workflow/.snakemake/scripts/tmpq_amghp8.sample_phrases.py' returned non-zero exit status 1.
  File "/Users/cody/miniconda3/lib/python3.8/site-packages/snakemake/executors/__init__.py", line 2326, in run_wrapper
  File "/Users/cody/github/CambridgeSemiticsLab/time_collocations/workflow/Snakefile", line 26, in __rule_build_samples
  File "/Users/cody/miniconda3/lib/python3.8/site-packages/snakemake/executors/__init__.py", line 568, in _callback
  File "/Users/cody/miniconda3/lib/python3.8/concurrent/futures/thread.py", line 57, in run
  File "/Users/cody/miniconda3/lib/python3.8/site-packages/snakemake/executors/__init__.py", line 554, in cached_or_run
  File "/Users/cody/miniconda3/lib/python3.8/site-packages/snakemake/executors/__init__.py", line 2357, in run_wrapper
Shutting down, this might take some time.
Exiting because a job execution failed. Look above for error message
Complete log: /Users/cody/github/CambridgeSemiticsLab/time_collocations/workflow/.snakemake/log/2021-03-09T121735.649979.snakemake.log
